<?xml version="1.0" encoding="UTF-8"?>
<testsuite name="SI2026Lab2Test" tests="4" skipped="0" failures="0" errors="0" timestamp="2026-05-10T14:44:08" hostname="192.168.100.79" time="0.028">
  <properties/>
  <testcase name="searchBookEveryStatementTest()" classname="SI2026Lab2Test" time="0.016"/>
  <testcase name="searchBookMultipleConditionTest()" classname="SI2026Lab2Test" time="0.002"/>
  <testcase name="borrowBookMultipleConditionTest()" classname="SI2026Lab2Test" time="0.002"/>
  <testcase name="borrowBookEveryBranchTest()" classname="SI2026Lab2Test" time="0.002"/>
  <system-out><![CDATA[Borrowed successfully
Borrowed successfully
Borrowed successfully
Borrowed successfully
]]></system-out>
  <system-err><![CDATA[]]></system-err>
</testsuite>
